Release 14.7 - xst P.20131013 (nt64)
Copyright (c) 1995-2013 Xilinx, Inc.  All rights reserved.
--> Parameter TMPDIR set to xst/projnav.tmp


Total REAL time to Xst completion: 0.00 secs
Total CPU time to Xst completion: 0.09 secs
 
--> Parameter xsthdpdir set to xst


Total REAL time to Xst completion: 0.00 secs
Total CPU time to Xst completion: 0.09 secs
 
--> Reading design: HealthcareSystemFirstPhase.prj

TABLE OF CONTENTS
  1) Synthesis Options Summary
  2) HDL Compilation
  3) Design Hierarchy Analysis
  4) HDL Analysis
  5) HDL Synthesis
     5.1) HDL Synthesis Report
  6) Advanced HDL Synthesis
     6.1) Advanced HDL Synthesis Report
  7) Low Level Synthesis
  8) Partition Report
  9) Final Report
	9.1) Device utilization summary
	9.2) Partition Resource Summary
	9.3) TIMING REPORT


=========================================================================
*                      Synthesis Options Summary                        *
=========================================================================
---- Source Parameters
Input File Name                    : "HealthcareSystemFirstPhase.prj"
Input Format                       : mixed
Ignore Synthesis Constraint File   : NO

---- Target Parameters
Output File Name                   : "HealthcareSystemFirstPhase"
Output Format                      : NGC
Target Device                      : xc3s400-5-pq208

---- Source Options
Top Module Name                    : HealthcareSystemFirstPhase
Automatic FSM Extraction           : YES
FSM Encoding Algorithm             : Auto
Safe Implementation                : No
FSM Style                          : LUT
RAM Extraction                     : Yes
RAM Style                          : Auto
ROM Extraction                     : Yes
Mux Style                          : Auto
Decoder Extraction                 : YES
Priority Encoder Extraction        : Yes
Shift Register Extraction          : YES
Logical Shifter Extraction         : YES
XOR Collapsing                     : YES
ROM Style                          : Auto
Mux Extraction                     : Yes
Resource Sharing                   : YES
Asynchronous To Synchronous        : NO
Multiplier Style                   : Auto
Automatic Register Balancing       : No

---- Target Options
Add IO Buffers                     : YES
Global Maximum Fanout              : 500
Add Generic Clock Buffer(BUFG)     : 8
Register Duplication               : YES
Slice Packing                      : YES
Optimize Instantiated Primitives   : NO
Use Clock Enable                   : Yes
Use Synchronous Set                : Yes
Use Synchronous Reset              : Yes
Pack IO Registers into IOBs        : Auto
Equivalent register Removal        : YES

---- General Options
Optimization Goal                  : Speed
Optimization Effort                : 1
Keep Hierarchy                     : No
Netlist Hierarchy                  : As_Optimized
RTL Output                         : Yes
Global Optimization                : AllClockNets
Read Cores                         : YES
Write Timing Constraints           : NO
Cross Clock Analysis               : NO
Hierarchy Separator                : /
Bus Delimiter                      : <>
Case Specifier                     : Maintain
Slice Utilization Ratio            : 100
BRAM Utilization Ratio             : 100
Verilog 2001                       : YES
Auto BRAM Packing                  : NO
Slice Utilization Ratio Delta      : 5

=========================================================================


=========================================================================
*                          HDL Compilation                              *
=========================================================================
Compiling verilog file "../MUX4_1.v" in library work
Compiling verilog file "../src/TemperatureCalculator.v" in library work
Module <MUX4_1> compiled
Compiling verilog file "../src/TemperatureAnalyzer.v" in library work
Module <TemperatureCalculator> compiled
Compiling verilog file "../src/PressureAnalyzer.v" in library work
Module <TemperatureAnalyzer> compiled
Compiling verilog file "../src/ParityErrorChecker.v" in library work
Module <PressureAnalyzer> compiled
Compiling verilog file "../src/Comparator8Bit.v" in library work
Module <ParityErrorChecker> compiled
Compiling verilog file "../src/BloodTypeClassification.v" in library work
Module <Comparator8Bit> compiled
Compiling verilog file "../src/BloodPHAnalyzer.v" in library work
Module <BloodTypeClassification> compiled
Compiling verilog file "../src/TemperatureAbnormalityDetector.v" in library work
Module <BloodPHAnalyzer> compiled
Compiling verilog file "../src/PressureAbnormalityDetector.v" in library work
Module <TemperatureAbnormalityDetector> compiled
Compiling verilog file "../src/GlycemicIndexCalculator.v" in library work
Module <PressureAbnormalityDetector> compiled
Compiling verilog file "../src/FallingDetector.v" in library work
Module <GlycemicIndexCalculator> compiled
Compiling verilog file "../src/BloodAbnormalityDetector.v" in library work
Module <FallingDetector> compiled
Compiling verilog file "../src/HealthcareSystemFirstPhase.v" in library work
Module <BloodAbnormalityDetector> compiled
Module <HealthcareSystemFirstPhase> compiled
No errors in compilation
Analysis of file <"HealthcareSystemFirstPhase.prj"> succeeded.
 

=========================================================================
*                     Design Hierarchy Analysis                         *
=========================================================================
Analyzing hierarchy for module <HealthcareSystemFirstPhase> in library <work>.

Analyzing hierarchy for module <PressureAbnormalityDetector> in library <work>.

Analyzing hierarchy for module <BloodAbnormalityDetector> in library <work>.

Analyzing hierarchy for module <FallingDetector> in library <work>.

Analyzing hierarchy for module <TemperatureAbnormalityDetector> in library <work>.

Analyzing hierarchy for module <ParityErrorChecker> in library <work>.

Analyzing hierarchy for module <PressureAnalyzer> in library <work>.

Analyzing hierarchy for module <BloodPHAnalyzer> in library <work>.

Analyzing hierarchy for module <BloodTypeClassification> in library <work>.

Analyzing hierarchy for module <Comparator8Bit> in library <work>.

Analyzing hierarchy for module <TemperatureAnalyzer> in library <work>.

Analyzing hierarchy for module <MUX4_1> in library <work>.


=========================================================================
*                            HDL Analysis                               *
=========================================================================
Analyzing top module <HealthcareSystemFirstPhase>.
WARNING:Xst:2211 - "../src/GlycemicIndexCalculator.v" line 77: Instantiating black box module <GlycemicIndexCalculator>.
Module <HealthcareSystemFirstPhase> is correct for synthesis.
 
Analyzing module <PressureAbnormalityDetector> in library <work>.
Module <PressureAbnormalityDetector> is correct for synthesis.
 
Analyzing module <ParityErrorChecker> in library <work>.
Module <ParityErrorChecker> is correct for synthesis.
 
Analyzing module <PressureAnalyzer> in library <work>.
Module <PressureAnalyzer> is correct for synthesis.
 
Analyzing module <BloodAbnormalityDetector> in library <work>.
Module <BloodAbnormalityDetector> is correct for synthesis.
 
Analyzing module <BloodPHAnalyzer> in library <work>.
Module <BloodPHAnalyzer> is correct for synthesis.
 
Analyzing module <BloodTypeClassification> in library <work>.
Module <BloodTypeClassification> is correct for synthesis.
 
Analyzing module <MUX4_1> in library <work>.
Module <MUX4_1> is correct for synthesis.
 
Analyzing module <FallingDetector> in library <work>.
Module <FallingDetector> is correct for synthesis.
 
Analyzing module <Comparator8Bit> in library <work>.
Module <Comparator8Bit> is correct for synthesis.
 
Analyzing module <TemperatureAbnormalityDetector> in library <work>.
WARNING:Xst:2211 - "../src/TemperatureCalculator.v" line 32: Instantiating black box module <TemperatureCalculator>.
Module <TemperatureAbnormalityDetector> is correct for synthesis.
 
Analyzing module <TemperatureAnalyzer> in library <work>.
Module <TemperatureAnalyzer> is correct for synthesis.
 

=========================================================================
*                           HDL Synthesis                               *
=========================================================================

Performing bidirectional port resolution...

Synthesizing Unit <ParityErrorChecker>.
    Related source file is "../src/ParityErrorChecker.v".
    Found 1-bit xor6 for signal <error$xor0000> created at line 25.
    Summary:
	inferred   1 Xor(s).
Unit <ParityErrorChecker> synthesized.


Synthesizing Unit <PressureAnalyzer>.
    Related source file is "../src/PressureAnalyzer.v".
WARNING:Xst:647 - Input <pData<1>> is never used. This port will be preserved and left unconnected if it belongs to a top-level block or it belongs to a sub-block and the hierarchy of this sub-block is preserved.
Unit <PressureAnalyzer> synthesized.


Synthesizing Unit <BloodPHAnalyzer>.
    Related source file is "../src/BloodPHAnalyzer.v".
Unit <BloodPHAnalyzer> synthesized.


Synthesizing Unit <MUX4_1>.
    Related source file is "../MUX4_1.v".
Unit <MUX4_1> synthesized.


Synthesizing Unit <Comparator8Bit>.
    Related source file is "../src/Comparator8Bit.v".
    Found 8-bit comparator equal for signal <pEqualToQ$cmp_eq0000> created at line 31.
    Found 8-bit comparator greater for signal <pGraterGreaterThanQ$cmp_gt0000> created at line 32.
    Found 8-bit comparator less for signal <pLessThanQ$cmp_lt0000> created at line 30.
    Summary:
	inferred   3 Comparator(s).
Unit <Comparator8Bit> synthesized.


Synthesizing Unit <TemperatureAnalyzer>.
    Related source file is "../src/TemperatureAnalyzer.v".
    Found 8-bit comparator greater for signal <temperatureAbnormality$cmp_gt0000> created at line 25.
    Found 8-bit comparator less for signal <temperatureAbnormality$cmp_lt0000> created at line 25.
    Summary:
	inferred   2 Comparator(s).
Unit <TemperatureAnalyzer> synthesized.


Synthesizing Unit <PressureAbnormalityDetector>.
    Related source file is "../src/PressureAbnormalityDetector.v".
Unit <PressureAbnormalityDetector> synthesized.


Synthesizing Unit <FallingDetector>.
    Related source file is "../src/FallingDetector.v".
Unit <FallingDetector> synthesized.


Synthesizing Unit <TemperatureAbnormalityDetector>.
    Related source file is "../src/TemperatureAbnormalityDetector.v".
Unit <TemperatureAbnormalityDetector> synthesized.


Synthesizing Unit <BloodTypeClassification>.
    Related source file is "../src/BloodTypeClassification.v".
WARNING:Xst:647 - Input <bloodType<0>> is never used. This port will be preserved and left unconnected if it belongs to a top-level block or it belongs to a sub-block and the hierarchy of this sub-block is preserved.
Unit <BloodTypeClassification> synthesized.


Synthesizing Unit <BloodAbnormalityDetector>.
    Related source file is "../src/BloodAbnormalityDetector.v".
Unit <BloodAbnormalityDetector> synthesized.


Synthesizing Unit <HealthcareSystemFirstPhase>.
    Related source file is "../src/HealthcareSystemFirstPhase.v".
Unit <HealthcareSystemFirstPhase> synthesized.


=========================================================================
HDL Synthesis Report

Macro Statistics
# Comparators                                          : 5
 8-bit comparator equal                                : 1
 8-bit comparator greater                              : 2
 8-bit comparator less                                 : 2
# Xors                                                 : 1
 1-bit xor6                                            : 1

=========================================================================

=========================================================================
*                       Advanced HDL Synthesis                          *
=========================================================================

WARNING:Xst:1290 - Hierarchical block <BloodPHAnalyzerUnit> is unconnected in block <BloodAbnormalityDetectorUnit>.
   It will be removed from the design.
WARNING:Xst:1290 - Hierarchical block <BloodTypeClassificationUnit> is unconnected in block <BloodAbnormalityDetectorUnit>.
   It will be removed from the design.

=========================================================================
Advanced HDL Synthesis Report

Macro Statistics
# Comparators                                          : 5
 8-bit comparator equal                                : 1
 8-bit comparator greater                              : 2
 8-bit comparator less                                 : 2
# Xors                                                 : 1
 1-bit xor6                                            : 1

=========================================================================

=========================================================================
*                         Low Level Synthesis                           *
=========================================================================

Optimizing unit <HealthcareSystemFirstPhase> ...

Mapping all equations...
WARNING:Xst:2036 - Inserting OBUF on port <glycemicIndex<3>> driven by black box <GlycemicIndexCalculator>. Possible simulation mismatch.
WARNING:Xst:2036 - Inserting OBUF on port <glycemicIndex<2>> driven by black box <GlycemicIndexCalculator>. Possible simulation mismatch.
WARNING:Xst:2036 - Inserting OBUF on port <glycemicIndex<1>> driven by black box <GlycemicIndexCalculator>. Possible simulation mismatch.
WARNING:Xst:2036 - Inserting OBUF on port <glycemicIndex<0>> driven by black box <GlycemicIndexCalculator>. Possible simulation mismatch.
Building and optimizing final netlist ...
Found area constraint ratio of 100 (+ 5) on block HealthcareSystemFirstPhase, actual ratio is 0.

Final Macro Processing ...

=========================================================================
Final Register Report

Found no macro
=========================================================================

=========================================================================
*                           Partition Report                            *
=========================================================================

Partition Implementation Status
-------------------------------

  No Partitions were found in this design.

-------------------------------

=========================================================================
*                            Final Report                               *
=========================================================================
Final Results
RTL Top Level Output File Name     : HealthcareSystemFirstPhase.ngr
Top Level Output File Name         : HealthcareSystemFirstPhase
Output Format                      : NGC
Optimization Goal                  : Speed
Keep Hierarchy                     : No

Design Statistics
# IOs                              : 61

Cell Usage :
# BELS                             : 27
#      GND                         : 1
#      LUT2                        : 9
#      LUT4                        : 8
#      MUXCY                       : 8
#      VCC                         : 1
# IO Buffers                       : 54
#      IBUF                        : 46
#      OBUF                        : 8
# Others                           : 2
#      GlycemicIndexCalculator     : 1
#      TemperatureCalculator       : 1
=========================================================================

Device utilization summary:
---------------------------

Selected Device : 3s400pq208-5 

 Number of Slices:                        9  out of   3584     0%  
 Number of 4 input LUTs:                 17  out of   7168     0%  
 Number of IOs:                          61
 Number of bonded IOBs:                  54  out of    141    38%  

---------------------------
Partition Resource Summary:
---------------------------

  No Partitions were found in this design.

---------------------------


=========================================================================
TIMING REPORT

NOTE: THESE TIMING NUMBERS ARE ONLY A SYNTHESIS ESTIMATE.
      FOR ACCURATE TIMING INFORMATION PLEASE REFER TO THE TRACE REPORT
      GENERATED AFTER PLACE-and-ROUTE.

Clock Information:
------------------
No clock signals found in this design

Asynchronous Control Signals Information:
----------------------------------------
No asynchronous control signals found in this design

Timing Summary:
---------------
Speed Grade: -5

   Minimum period: No path found
   Minimum input arrival time before clock: No path found
   Maximum output required time after clock: No path found
   Maximum combinational path delay: 11.717ns

Timing Detail:
--------------
All values displayed in nanoseconds (ns)

=========================================================================
Timing constraint: Default path analysis
  Total number of paths / destination ports: 78 / 30
-------------------------------------------------------------------------
Delay:               11.717ns (Levels of Logic = 6)
  Source:            fdSensorValue<4> (PAD)
  Destination:       fallDetected (PAD)

  Data Path: fdSensorValue<4> to fallDetected
                                Gate     Net
    Cell:in->out      fanout   Delay   Delay  Logical Name (Net Name)
    ----------------------------------------  ------------
     IBUF:I->O             2   0.715   1.040  fdSensorValue_4_IBUF (fdSensorValue_4_IBUF)
     LUT4:I0->O            1   0.479   0.976  FallingDetectorUnit/fallDetected93 (FallingDetectorUnit/fallDetected93)
     LUT2:I0->O            1   0.479   0.740  FallingDetectorUnit/fallDetected121 (FallingDetectorUnit/fallDetected121)
     LUT4:I2->O            1   0.479   0.740  FallingDetectorUnit/fallDetected147_SW0 (N5)
     LUT4:I2->O            1   0.479   0.681  FallingDetectorUnit/fallDetected147 (fallDetected_OBUF)
     OBUF:I->O                 4.909          fallDetected_OBUF (fallDetected)
    ----------------------------------------
    Total                     11.717ns (7.540ns logic, 4.177ns route)
                                       (64.4% logic, 35.6% route)

=========================================================================


Total REAL time to Xst completion: 4.00 secs
Total CPU time to Xst completion: 3.96 secs
 
--> 

Total memory usage is 4521648 kilobytes

Number of errors   :    0 (   0 filtered)
Number of warnings :   13 (   0 filtered)
Number of infos    :    0 (   0 filtered)

